<?xml version="1.0" encoding="UTF-8"?>
<!-- Generated by org.testng.reporters.JUnitReportReporter -->
<testsuite hostname="DESKTOP-C7NQ473" failures="0" tests="3" name="tests.LoginTest" time="24.131" errors="0" timestamp="2025-07-03T10:16:40 IST" skipped="0">
  <testcase classname="tests.LoginTest" name="testInvalidLogin" time="5.903"/>
  <testcase classname="tests.LoginTest" name="testValidLogin" time="5.657"/>
  <testcase classname="tests.LoginTest" name="testEmptyLoginFields" time="12.571"/>
</testsuite> <!-- tests.LoginTest -->
