<?xml version="1.0" encoding="UTF-8"?>
<!-- Generated by org.testng.reporters.JUnitReportReporter -->
<testsuite hostname="DESKTOP-C7NQ473" failures="0" tests="1" name="tests.AppointmentTest" time="23.647" errors="0" timestamp="2025-07-03T11:40:23 IST" skipped="0">
  <testcase classname="tests.AppointmentTest" name="testBookAppointment" time="23.647"/>
</testsuite> <!-- tests.AppointmentTest -->
